<?xml version="1.0" encoding="UTF-8"?>
<!-- Generated by org.testng.reporters.JUnitXMLReporter -->
<testsuite hostname="mohammads-MBP.home" ignored="0" name="Test" tests="45" failures="0" timestamp="14 Sep 2020 19:06:41 GMT" time="82.756" errors="0">
  <testcase name="validateDragAndDrop" time="0.282" classname="com.qa.Challange.DragAndDrop.DragAndDropTest"/>
  <testcase name="checkBox" time="0.064" classname="com.qa.Challange.CheckBoxes.CheckAndUnCheckBoxesTest"/>
  <testcase name="checkBox2" time="0.02" classname="com.qa.Challange.CheckBoxes.CheckAndUnCheckBoxesTest"/>
  <testcase name="verifyDynamicControlsEnable_Disable" time="6.372" classname="com.qa.Challange.DynamicControls.DynamicControlsTest"/>
  <testcase name="verifyDynamicControlsRemove_Add" time="6.314" classname="com.qa.Challange.DynamicControls.DynamicControlsTest"/>
  <testcase name="verifyNewWindow" time="0.13" classname="com.qa.Challang.NewWindow.NewWindowTest"/>
  <testcase name="verifyIFrame" time="0.198" classname="com.qa.Challange.IFrame.IFrameTest"/>
  <testcase name="verifyDynamicContent" time="0.021" classname="com.qa.Challange.DynamicContent.DynamicContentTest"/>
  <testcase name="verifyDynamicContent" time="0.021" classname="com.qa.Challange.DynamicContent.DynamicContentTest"/>
  <testcase name="verifyDynamicContent" time="0.024" classname="com.qa.Challange.DynamicContent.DynamicContentTest"/>
  <testcase name="verifyDynamicContent" time="0.019" classname="com.qa.Challange.DynamicContent.DynamicContentTest"/>
  <testcase name="verifyDynamicContent" time="0.02" classname="com.qa.Challange.DynamicContent.DynamicContentTest"/>
  <testcase name="verifyDynamicContent" time="0.021" classname="com.qa.Challange.DynamicContent.DynamicContentTest"/>
  <testcase name="verifyDynamicContent" time="0.021" classname="com.qa.Challange.DynamicContent.DynamicContentTest"/>
  <testcase name="verifyDynamicContent" time="0.022" classname="com.qa.Challange.DynamicContent.DynamicContentTest"/>
  <testcase name="verifyDynamicContent" time="0.022" classname="com.qa.Challange.DynamicContent.DynamicContentTest"/>
  <testcase name="verifyDynamicContent" time="0.019" classname="com.qa.Challange.DynamicContent.DynamicContentTest"/>
  <testcase name="verifyDynamicContent" time="0.021" classname="com.qa.Challange.DynamicContent.DynamicContentTest"/>
  <testcase name="verifyDynamicContent" time="0.019" classname="com.qa.Challange.DynamicContent.DynamicContentTest"/>
  <testcase name="verifyDynamicContent" time="0.019" classname="com.qa.Challange.DynamicContent.DynamicContentTest"/>
  <testcase name="verifyDynamicContent" time="0.021" classname="com.qa.Challange.DynamicContent.DynamicContentTest"/>
  <testcase name="verifyDynamicContent" time="0.019" classname="com.qa.Challange.DynamicContent.DynamicContentTest"/>
  <testcase name="verifyDynamicContent" time="0.019" classname="com.qa.Challange.DynamicContent.DynamicContentTest"/>
  <testcase name="verifyDynamicContent" time="0.021" classname="com.qa.Challange.DynamicContent.DynamicContentTest"/>
  <testcase name="verifyDynamicContent" time="0.023" classname="com.qa.Challange.DynamicContent.DynamicContentTest"/>
  <testcase name="verifyDynamicContent" time="0.022" classname="com.qa.Challange.DynamicContent.DynamicContentTest"/>
  <testcase name="verifyDynamicContent" time="0.02" classname="com.qa.Challange.DynamicContent.DynamicContentTest"/>
  <testcase name="selectContact" time="0.089" classname="com.qa.Challange.FloatingMenu.FloatingMenuTest"/>
  <testcase name="selectHome" time="0.086" classname="com.qa.Challange.FloatingMenu.FloatingMenuTest"/>
  <testcase name="selectNews" time="0.085" classname="com.qa.Challange.FloatingMenu.FloatingMenuTest"/>
  <testcase name="selectabout" time="0.085" classname="com.qa.Challange.FloatingMenu.FloatingMenuTest"/>
  <testcase name="verifyRenderedMessages" time="0.19" classname="com.qa.Challange.MessageRendered.MessageRenderedTest"/>
  <testcase name="verifyUserOneProfile" time="0.211" classname="com.qa.Challange.Hovers.MouseHoversTest"/>
  <testcase name="verifyUserThreeProfile" time="0.235" classname="com.qa.Challange.Hovers.MouseHoversTest"/>
  <testcase name="validateJspromptField" time="0.088" classname="com.qa.Challange.JSalerts.JavaScriptAlertsTest"/>
  <testcase name="verifyConformationOfJsAlert" time="0.255" classname="com.qa.Challange.JSalerts.JavaScriptAlertsTest"/>
  <testcase name="verifyJsAlertDismiss" time="0.136" classname="com.qa.Challange.JSalerts.JavaScriptAlertsTest"/>
  <testcase name="validateHappyPathLogin" time="0.288" classname="com.qa.Challange.Login.LoginTest"/>
  <testcase name="validateUnHappyPathLogin" time="0.31" classname="com.qa.Challange.Login.LoginTest"/>
  <testcase name="handleDropDwnOption1" time="0.663" classname="com.qa.Challange.DropDown.DropDownTest"/>
  <testcase name="handleDropDwnOption2" time="0.633" classname="com.qa.Challange.DropDown.DropDownTest"/>
  <testcase name="verifyJsError" time="0.004" classname="com.qa.Challange.JSerror.JavaScriptErrorTest"/>
  <testcase name="verifyDynamicallyLoadedElement" time="5.196" classname="com.qa.Challange.DynamicLoading.DynamicLoadingTest"/>
  <testcase name="verifyFileUpload" time="0.265" classname="com.qa.Challange.FileUpLoader.FileUpLoaderTest"/>
  <testcase name="validateContextMenu" time="0.163" classname="com.qa.Challange.Context_Menu.ContextMenuTest"/>
</testsuite> <!-- Test -->
