<?xml version="1.0" encoding="UTF-8"?>
<!-- Generated by org.testng.reporters.JUnitXMLReporter -->
<testsuite ignored="0" hostname="mohammads-MBP.home" failures="0" tests="45" name="Test" time="80.751" errors="0" timestamp="14 Sep 2020 19:15:23 GMT">
  <testcase classname="com.qa.Challange.DragAndDrop.DragAndDropTest" name="validateDragAndDrop" time="0.259"/>
  <testcase classname="com.qa.Challange.CheckBoxes.CheckAndUnCheckBoxesTest" name="checkBox" time="0.062"/>
  <testcase classname="com.qa.Challange.CheckBoxes.CheckAndUnCheckBoxesTest" name="checkBox2" time="0.024"/>
  <testcase classname="com.qa.Challange.DynamicControls.DynamicControlsTest" name="verifyDynamicControlsEnable_Disable" time="6.367"/>
  <testcase classname="com.qa.Challange.DynamicControls.DynamicControlsTest" name="verifyDynamicControlsRemove_Add" time="6.315"/>
  <testcase classname="com.qa.Challang.NewWindow.NewWindowTest" name="verifyNewWindow" time="0.128"/>
  <testcase classname="com.qa.Challange.IFrame.IFrameTest" name="verifyIFrame" time="0.204"/>
  <testcase classname="com.qa.Challange.DynamicContent.DynamicContentTest" name="verifyDynamicContent" time="0.021"/>
  <testcase classname="com.qa.Challange.DynamicContent.DynamicContentTest" name="verifyDynamicContent" time="0.025"/>
  <testcase classname="com.qa.Challange.DynamicContent.DynamicContentTest" name="verifyDynamicContent" time="0.02"/>
  <testcase classname="com.qa.Challange.DynamicContent.DynamicContentTest" name="verifyDynamicContent" time="0.019"/>
  <testcase classname="com.qa.Challange.DynamicContent.DynamicContentTest" name="verifyDynamicContent" time="0.021"/>
  <testcase classname="com.qa.Challange.DynamicContent.DynamicContentTest" name="verifyDynamicContent" time="0.021"/>
  <testcase classname="com.qa.Challange.DynamicContent.DynamicContentTest" name="verifyDynamicContent" time="0.022"/>
  <testcase classname="com.qa.Challange.DynamicContent.DynamicContentTest" name="verifyDynamicContent" time="0.018"/>
  <testcase classname="com.qa.Challange.DynamicContent.DynamicContentTest" name="verifyDynamicContent" time="0.021"/>
  <testcase classname="com.qa.Challange.DynamicContent.DynamicContentTest" name="verifyDynamicContent" time="0.019"/>
  <testcase classname="com.qa.Challange.DynamicContent.DynamicContentTest" name="verifyDynamicContent" time="0.02"/>
  <testcase classname="com.qa.Challange.DynamicContent.DynamicContentTest" name="verifyDynamicContent" time="0.02"/>
  <testcase classname="com.qa.Challange.DynamicContent.DynamicContentTest" name="verifyDynamicContent" time="0.019"/>
  <testcase classname="com.qa.Challange.DynamicContent.DynamicContentTest" name="verifyDynamicContent" time="0.019"/>
  <testcase classname="com.qa.Challange.DynamicContent.DynamicContentTest" name="verifyDynamicContent" time="0.019"/>
  <testcase classname="com.qa.Challange.DynamicContent.DynamicContentTest" name="verifyDynamicContent" time="0.02"/>
  <testcase classname="com.qa.Challange.DynamicContent.DynamicContentTest" name="verifyDynamicContent" time="0.025"/>
  <testcase classname="com.qa.Challange.DynamicContent.DynamicContentTest" name="verifyDynamicContent" time="0.02"/>
  <testcase classname="com.qa.Challange.DynamicContent.DynamicContentTest" name="verifyDynamicContent" time="0.017"/>
  <testcase classname="com.qa.Challange.DynamicContent.DynamicContentTest" name="verifyDynamicContent" time="0.019"/>
  <testcase classname="com.qa.Challange.FloatingMenu.FloatingMenuTest" name="selectContact" time="0.088"/>
  <testcase classname="com.qa.Challange.FloatingMenu.FloatingMenuTest" name="selectHome" time="0.099"/>
  <testcase classname="com.qa.Challange.FloatingMenu.FloatingMenuTest" name="selectNews" time="0.098"/>
  <testcase classname="com.qa.Challange.FloatingMenu.FloatingMenuTest" name="selectabout" time="0.086"/>
  <testcase classname="com.qa.Challange.MessageRendered.MessageRenderedTest" name="verifyRenderedMessages" time="0.174"/>
  <testcase classname="com.qa.Challange.Hovers.MouseHoversTest" name="verifyUserOneProfile" time="0.23"/>
  <testcase classname="com.qa.Challange.Hovers.MouseHoversTest" name="verifyUserThreeProfile" time="0.214"/>
  <testcase classname="com.qa.Challange.JSalerts.JavaScriptAlertsTest" name="validateJspromptField" time="0.107"/>
  <testcase classname="com.qa.Challange.JSalerts.JavaScriptAlertsTest" name="verifyConformationOfJsAlert" time="0.088"/>
  <testcase classname="com.qa.Challange.JSalerts.JavaScriptAlertsTest" name="verifyJsAlertDismiss" time="0.115"/>
  <testcase classname="com.qa.Challange.Login.LoginTest" name="validateHappyPathLogin" time="0.281"/>
  <testcase classname="com.qa.Challange.Login.LoginTest" name="validateUnHappyPathLogin" time="0.286"/>
  <testcase classname="com.qa.Challange.DropDown.DropDownTest" name="handleDropDwnOption1" time="0.653"/>
  <testcase classname="com.qa.Challange.DropDown.DropDownTest" name="handleDropDwnOption2" time="0.628"/>
  <testcase classname="com.qa.Challange.JSerror.JavaScriptErrorTest" name="verifyJsError" time="0.005"/>
  <testcase classname="com.qa.Challange.DynamicLoading.DynamicLoadingTest" name="verifyDynamicallyLoadedElement" time="5.186"/>
  <testcase classname="com.qa.Challange.FileUpLoader.FileUpLoaderTest" name="verifyFileUpload" time="0.029"/>
  <testcase classname="com.qa.Challange.Context_Menu.ContextMenuTest" name="validateContextMenu" time="0.167"/>
</testsuite> <!-- Test -->
