<?xml version="1.0" encoding="UTF-8"?>
<testng-results ignored="0" total="45" passed="45" failed="0" skipped="0">
  <reporter-output>
  </reporter-output>
  <suite started-at="2020-09-14T19:14:02Z" name="Suite" finished-at="2020-09-14T19:15:23Z" duration-ms="80751">
    <groups>
    </groups>
    <test started-at="2020-09-14T19:14:02Z" name="Test" finished-at="2020-09-14T19:15:23Z" duration-ms="80751">
      <class name="com.qa.Challange.DynamicLoading.DynamicLoadingTest">
        <test-method is-config="true" signature="launch()[pri:0, instance:com.qa.Challange.DynamicLoading.DynamicLoadingTest@505fc5a4]" started-at="2020-09-14T19:15:13Z" name="launch" finished-at="2020-09-14T19:15:14Z" duration-ms="1159" status="PASS">
          <reporter-output>
          </reporter-output>
        </test-method> <!-- launch -->
        <test-method signature="verifyDynamicallyLoadedElement()[pri:0, instance:com.qa.Challange.DynamicLoading.DynamicLoadingTest@505fc5a4]" started-at="2020-09-14T19:15:14Z" name="verifyDynamicallyLoadedElement" finished-at="2020-09-14T19:15:20Z" duration-ms="5186" status="PASS">
          <reporter-output>
          </reporter-output>
        </test-method> <!-- verifyDynamicallyLoadedElement -->
        <test-method is-config="true" signature="tearDwn()[pri:0, instance:com.qa.Challange.DynamicLoading.DynamicLoadingTest@505fc5a4]" started-at="2020-09-14T19:15:20Z" name="tearDwn" finished-at="2020-09-14T19:15:20Z" duration-ms="79" status="PASS">
          <reporter-output>
          </reporter-output>
        </test-method> <!-- tearDwn -->
      </class> <!-- com.qa.Challange.DynamicLoading.DynamicLoadingTest -->
      <class name="com.qa.Challange.JSalerts.JavaScriptAlertsTest">
        <test-method is-config="true" signature="launch()[pri:0, instance:com.qa.Challange.JSalerts.JavaScriptAlertsTest@71238fc2]" started-at="2020-09-14T19:15:01Z" name="launch" finished-at="2020-09-14T19:15:02Z" duration-ms="1227" status="PASS">
          <reporter-output>
          </reporter-output>
        </test-method> <!-- launch -->
        <test-method signature="validateJspromptField()[pri:0, instance:com.qa.Challange.JSalerts.JavaScriptAlertsTest@71238fc2]" started-at="2020-09-14T19:15:02Z" name="validateJspromptField" finished-at="2020-09-14T19:15:02Z" duration-ms="107" status="PASS">
          <reporter-output>
          </reporter-output>
        </test-method> <!-- validateJspromptField -->
        <test-method is-config="true" signature="tearDwn()[pri:0, instance:com.qa.Challange.JSalerts.JavaScriptAlertsTest@71238fc2]" started-at="2020-09-14T19:15:02Z" name="tearDwn" finished-at="2020-09-14T19:15:02Z" duration-ms="77" status="PASS">
          <reporter-output>
          </reporter-output>
        </test-method> <!-- tearDwn -->
        <test-method is-config="true" signature="launch()[pri:0, instance:com.qa.Challange.JSalerts.JavaScriptAlertsTest@71238fc2]" started-at="2020-09-14T19:15:02Z" name="launch" finished-at="2020-09-14T19:15:04Z" duration-ms="1184" status="PASS">
          <reporter-output>
          </reporter-output>
        </test-method> <!-- launch -->
        <test-method signature="verifyConformationOfJsAlert()[pri:0, instance:com.qa.Challange.JSalerts.JavaScriptAlertsTest@71238fc2]" started-at="2020-09-14T19:15:04Z" name="verifyConformationOfJsAlert" finished-at="2020-09-14T19:15:04Z" duration-ms="88" status="PASS">
          <reporter-output>
          </reporter-output>
        </test-method> <!-- verifyConformationOfJsAlert -->
        <test-method is-config="true" signature="tearDwn()[pri:0, instance:com.qa.Challange.JSalerts.JavaScriptAlertsTest@71238fc2]" started-at="2020-09-14T19:15:04Z" name="tearDwn" finished-at="2020-09-14T19:15:04Z" duration-ms="74" status="PASS">
          <reporter-output>
          </reporter-output>
        </test-method> <!-- tearDwn -->
        <test-method is-config="true" signature="launch()[pri:0, instance:com.qa.Challange.JSalerts.JavaScriptAlertsTest@71238fc2]" started-at="2020-09-14T19:15:04Z" name="launch" finished-at="2020-09-14T19:15:05Z" duration-ms="1227" status="PASS">
          <reporter-output>
          </reporter-output>
        </test-method> <!-- launch -->
        <test-method signature="verifyJsAlertDismiss()[pri:0, instance:com.qa.Challange.JSalerts.JavaScriptAlertsTest@71238fc2]" started-at="2020-09-14T19:15:05Z" name="verifyJsAlertDismiss" finished-at="2020-09-14T19:15:05Z" duration-ms="115" status="PASS">
          <reporter-output>
          </reporter-output>
        </test-method> <!-- verifyJsAlertDismiss -->
        <test-method is-config="true" signature="tearDwn()[pri:0, instance:com.qa.Challange.JSalerts.JavaScriptAlertsTest@71238fc2]" started-at="2020-09-14T19:15:05Z" name="tearDwn" finished-at="2020-09-14T19:15:05Z" duration-ms="80" status="PASS">
          <reporter-output>
          </reporter-output>
        </test-method> <!-- tearDwn -->
      </class> <!-- com.qa.Challange.JSalerts.JavaScriptAlertsTest -->
      <class name="com.qa.Challange.JSerror.JavaScriptErrorTest">
        <test-method is-config="true" signature="launch()[pri:0, instance:com.qa.Challange.JSerror.JavaScriptErrorTest@3d6f0054]" started-at="2020-09-14T19:15:12Z" name="launch" finished-at="2020-09-14T19:15:13Z" duration-ms="1138" status="PASS">
          <reporter-output>
          </reporter-output>
        </test-method> <!-- launch -->
        <test-method signature="verifyJsError()[pri:0, instance:com.qa.Challange.JSerror.JavaScriptErrorTest@3d6f0054]" started-at="2020-09-14T19:15:13Z" name="verifyJsError" finished-at="2020-09-14T19:15:13Z" duration-ms="5" status="PASS">
          <reporter-output>
          </reporter-output>
        </test-method> <!-- verifyJsError -->
        <test-method is-config="true" signature="tearDwn()[pri:0, instance:com.qa.Challange.JSerror.JavaScriptErrorTest@3d6f0054]" started-at="2020-09-14T19:15:13Z" name="tearDwn" finished-at="2020-09-14T19:15:13Z" duration-ms="82" status="PASS">
          <reporter-output>
          </reporter-output>
        </test-method> <!-- tearDwn -->
      </class> <!-- com.qa.Challange.JSerror.JavaScriptErrorTest -->
      <class name="com.qa.Challange.DynamicControls.DynamicControlsTest">
        <test-method is-config="true" signature="launch()[pri:0, instance:com.qa.Challange.DynamicControls.DynamicControlsTest@57d7f8ca]" started-at="2020-09-14T19:14:07Z" name="launch" finished-at="2020-09-14T19:14:08Z" duration-ms="1254" status="PASS">
          <reporter-output>
          </reporter-output>
        </test-method> <!-- launch -->
        <test-method signature="verifyDynamicControlsEnable_Disable()[pri:0, instance:com.qa.Challange.DynamicControls.DynamicControlsTest@57d7f8ca]" started-at="2020-09-14T19:14:08Z" name="verifyDynamicControlsEnable_Disable" finished-at="2020-09-14T19:14:15Z" duration-ms="6367" status="PASS">
          <reporter-output>
          </reporter-output>
        </test-method> <!-- verifyDynamicControlsEnable_Disable -->
        <test-method is-config="true" signature="tearDwn()[pri:0, instance:com.qa.Challange.DynamicControls.DynamicControlsTest@57d7f8ca]" started-at="2020-09-14T19:14:15Z" name="tearDwn" finished-at="2020-09-14T19:14:15Z" duration-ms="80" status="PASS">
          <reporter-output>
          </reporter-output>
        </test-method> <!-- tearDwn -->
        <test-method is-config="true" signature="launch()[pri:0, instance:com.qa.Challange.DynamicControls.DynamicControlsTest@57d7f8ca]" started-at="2020-09-14T19:14:15Z" name="launch" finished-at="2020-09-14T19:14:16Z" duration-ms="1710" status="PASS">
          <reporter-output>
          </reporter-output>
        </test-method> <!-- launch -->
        <test-method signature="verifyDynamicControlsRemove_Add()[pri:0, instance:com.qa.Challange.DynamicControls.DynamicControlsTest@57d7f8ca]" started-at="2020-09-14T19:14:16Z" name="verifyDynamicControlsRemove_Add" finished-at="2020-09-14T19:14:23Z" duration-ms="6315" status="PASS">
          <reporter-output>
          </reporter-output>
        </test-method> <!-- verifyDynamicControlsRemove_Add -->
        <test-method is-config="true" signature="tearDwn()[pri:0, instance:com.qa.Challange.DynamicControls.DynamicControlsTest@57d7f8ca]" started-at="2020-09-14T19:14:23Z" name="tearDwn" finished-at="2020-09-14T19:14:23Z" duration-ms="81" status="PASS">
          <reporter-output>
          </reporter-output>
        </test-method> <!-- tearDwn -->
      </class> <!-- com.qa.Challange.DynamicControls.DynamicControlsTest -->
      <class name="com.qa.Challange.DropDown.DropDownTest">
        <test-method is-config="true" signature="launch()[pri:0, instance:com.qa.Challange.DropDown.DropDownTest@16a0ee18]" started-at="2020-09-14T19:15:08Z" name="launch" finished-at="2020-09-14T19:15:09Z" duration-ms="1125" status="PASS">
          <reporter-output>
          </reporter-output>
        </test-method> <!-- launch -->
        <test-method signature="handleDropDwnOption1()[pri:0, instance:com.qa.Challange.DropDown.DropDownTest@16a0ee18]" started-at="2020-09-14T19:15:09Z" name="handleDropDwnOption1" finished-at="2020-09-14T19:15:10Z" duration-ms="653" status="PASS">
          <reporter-output>
          </reporter-output>
        </test-method> <!-- handleDropDwnOption1 -->
        <test-method is-config="true" signature="tearDwn()[pri:0, instance:com.qa.Challange.DropDown.DropDownTest@16a0ee18]" started-at="2020-09-14T19:15:10Z" name="tearDwn" finished-at="2020-09-14T19:15:10Z" duration-ms="80" status="PASS">
          <reporter-output>
          </reporter-output>
        </test-method> <!-- tearDwn -->
        <test-method is-config="true" signature="launch()[pri:0, instance:com.qa.Challange.DropDown.DropDownTest@16a0ee18]" started-at="2020-09-14T19:15:10Z" name="launch" finished-at="2020-09-14T19:15:11Z" duration-ms="1155" status="PASS">
          <reporter-output>
          </reporter-output>
        </test-method> <!-- launch -->
        <test-method signature="handleDropDwnOption2()[pri:0, instance:com.qa.Challange.DropDown.DropDownTest@16a0ee18]" started-at="2020-09-14T19:15:11Z" name="handleDropDwnOption2" finished-at="2020-09-14T19:15:12Z" duration-ms="628" status="PASS">
          <reporter-output>
          </reporter-output>
        </test-method> <!-- handleDropDwnOption2 -->
        <test-method is-config="true" signature="tearDwn()[pri:0, instance:com.qa.Challange.DropDown.DropDownTest@16a0ee18]" started-at="2020-09-14T19:15:12Z" name="tearDwn" finished-at="2020-09-14T19:15:12Z" duration-ms="80" status="PASS">
          <reporter-output>
          </reporter-output>
        </test-method> <!-- tearDwn -->
      </class> <!-- com.qa.Challange.DropDown.DropDownTest -->
      <class name="com.qa.Challange.FileUpLoader.FileUpLoaderTest">
        <test-method is-config="true" signature="launch()[pri:0, instance:com.qa.Challange.FileUpLoader.FileUpLoaderTest@5fbdfdcf]" started-at="2020-09-14T19:15:20Z" name="launch" finished-at="2020-09-14T19:15:21Z" duration-ms="1572" status="PASS">
          <reporter-output>
          </reporter-output>
        </test-method> <!-- launch -->
        <test-method signature="verifyFileUpload()[pri:0, instance:com.qa.Challange.FileUpLoader.FileUpLoaderTest@5fbdfdcf]" started-at="2020-09-14T19:15:21Z" name="verifyFileUpload" finished-at="2020-09-14T19:15:21Z" duration-ms="29" status="PASS">
          <reporter-output>
          </reporter-output>
        </test-method> <!-- verifyFileUpload -->
        <test-method is-config="true" signature="tearDwn()[pri:0, instance:com.qa.Challange.FileUpLoader.FileUpLoaderTest@5fbdfdcf]" started-at="2020-09-14T19:15:21Z" name="tearDwn" finished-at="2020-09-14T19:15:21Z" duration-ms="78" status="PASS">
          <reporter-output>
          </reporter-output>
        </test-method> <!-- tearDwn -->
      </class> <!-- com.qa.Challange.FileUpLoader.FileUpLoaderTest -->
      <class name="com.qa.Challange.Context_Menu.ContextMenuTest">
        <test-method is-config="true" signature="launch()[pri:0, instance:com.qa.Challange.Context_Menu.ContextMenuTest@4efc180e]" started-at="2020-09-14T19:15:21Z" name="launch" finished-at="2020-09-14T19:15:23Z" duration-ms="1151" status="PASS">
          <reporter-output>
          </reporter-output>
        </test-method> <!-- launch -->
        <test-method signature="validateContextMenu()[pri:0, instance:com.qa.Challange.Context_Menu.ContextMenuTest@4efc180e]" started-at="2020-09-14T19:15:23Z" name="validateContextMenu" finished-at="2020-09-14T19:15:23Z" duration-ms="167" status="PASS">
          <reporter-output>
          </reporter-output>
        </test-method> <!-- validateContextMenu -->
        <test-method is-config="true" signature="tearDwn()[pri:0, instance:com.qa.Challange.Context_Menu.ContextMenuTest@4efc180e]" started-at="2020-09-14T19:15:23Z" name="tearDwn" finished-at="2020-09-14T19:15:23Z" duration-ms="75" status="PASS">
          <reporter-output>
          </reporter-output>
        </test-method> <!-- tearDwn -->
      </class> <!-- com.qa.Challange.Context_Menu.ContextMenuTest -->
      <class name="com.qa.Challange.DragAndDrop.DragAndDropTest">
        <test-method is-config="true" signature="launch()[pri:0, instance:com.qa.Challange.DragAndDrop.DragAndDropTest@581ac8a8]" started-at="2020-09-14T19:14:02Z" name="launch" finished-at="2020-09-14T19:14:04Z" duration-ms="2064" status="PASS">
          <reporter-output>
          </reporter-output>
        </test-method> <!-- launch -->
        <test-method signature="validateDragAndDrop()[pri:0, instance:com.qa.Challange.DragAndDrop.DragAndDropTest@581ac8a8]" started-at="2020-09-14T19:14:04Z" name="validateDragAndDrop" finished-at="2020-09-14T19:14:04Z" duration-ms="259" status="PASS">
          <reporter-output>
          </reporter-output>
        </test-method> <!-- validateDragAndDrop -->
        <test-method is-config="true" signature="tearDwn()[pri:0, instance:com.qa.Challange.DragAndDrop.DragAndDropTest@581ac8a8]" started-at="2020-09-14T19:14:04Z" name="tearDwn" finished-at="2020-09-14T19:14:04Z" duration-ms="78" status="PASS">
          <reporter-output>
          </reporter-output>
        </test-method> <!-- tearDwn -->
      </class> <!-- com.qa.Challange.DragAndDrop.DragAndDropTest -->
      <class name="com.qa.Challang.NewWindow.NewWindowTest">
        <test-method is-config="true" signature="launch()[pri:0, instance:com.qa.Challang.NewWindow.NewWindowTest@76c3e77a]" started-at="2020-09-14T19:14:23Z" name="launch" finished-at="2020-09-14T19:14:24Z" duration-ms="1484" status="PASS">
          <reporter-output>
          </reporter-output>
        </test-method> <!-- launch -->
        <test-method signature="verifyNewWindow()[pri:0, instance:com.qa.Challang.NewWindow.NewWindowTest@76c3e77a]" started-at="2020-09-14T19:14:24Z" name="verifyNewWindow" finished-at="2020-09-14T19:14:24Z" duration-ms="128" status="PASS">
          <reporter-output>
          </reporter-output>
        </test-method> <!-- verifyNewWindow -->
        <test-method is-config="true" signature="tearDwn()[pri:0, instance:com.qa.Challang.NewWindow.NewWindowTest@76c3e77a]" started-at="2020-09-14T19:14:24Z" name="tearDwn" finished-at="2020-09-14T19:14:24Z" duration-ms="77" status="PASS">
          <reporter-output>
          </reporter-output>
        </test-method> <!-- tearDwn -->
      </class> <!-- com.qa.Challang.NewWindow.NewWindowTest -->
      <class name="com.qa.Challange.IFrame.IFrameTest">
        <test-method is-config="true" signature="launch()[pri:0, instance:com.qa.Challange.IFrame.IFrameTest@78123e82]" started-at="2020-09-14T19:14:24Z" name="launch" finished-at="2020-09-14T19:14:26Z" duration-ms="1395" status="PASS">
          <reporter-output>
          </reporter-output>
        </test-method> <!-- launch -->
        <test-method signature="verifyIFrame()[pri:0, instance:com.qa.Challange.IFrame.IFrameTest@78123e82]" started-at="2020-09-14T19:14:26Z" name="verifyIFrame" finished-at="2020-09-14T19:14:26Z" duration-ms="204" status="PASS">
          <reporter-output>
          </reporter-output>
        </test-method> <!-- verifyIFrame -->
        <test-method is-config="true" signature="tearDwn()[pri:0, instance:com.qa.Challange.IFrame.IFrameTest@78123e82]" started-at="2020-09-14T19:14:26Z" name="tearDwn" finished-at="2020-09-14T19:14:26Z" duration-ms="79" status="PASS">
          <reporter-output>
          </reporter-output>
        </test-method> <!-- tearDwn -->
      </class> <!-- com.qa.Challange.IFrame.IFrameTest -->
      <class name="com.qa.Challange.Login.LoginTest">
        <test-method is-config="true" signature="launch()[pri:0, instance:com.qa.Challange.Login.LoginTest@2a54a73f]" started-at="2020-09-14T19:15:05Z" name="launch" finished-at="2020-09-14T19:15:06Z" duration-ms="1179" status="PASS">
          <reporter-output>
          </reporter-output>
        </test-method> <!-- launch -->
        <test-method signature="validateHappyPathLogin()[pri:0, instance:com.qa.Challange.Login.LoginTest@2a54a73f]" started-at="2020-09-14T19:15:06Z" name="validateHappyPathLogin" finished-at="2020-09-14T19:15:07Z" duration-ms="281" status="PASS">
          <reporter-output>
          </reporter-output>
        </test-method> <!-- validateHappyPathLogin -->
        <test-method is-config="true" signature="tearDwn()[pri:0, instance:com.qa.Challange.Login.LoginTest@2a54a73f]" started-at="2020-09-14T19:15:07Z" name="tearDwn" finished-at="2020-09-14T19:15:07Z" duration-ms="81" status="PASS">
          <reporter-output>
          </reporter-output>
        </test-method> <!-- tearDwn -->
        <test-method is-config="true" signature="launch()[pri:0, instance:com.qa.Challange.Login.LoginTest@2a54a73f]" started-at="2020-09-14T19:15:07Z" name="launch" finished-at="2020-09-14T19:15:08Z" duration-ms="1196" status="PASS">
          <reporter-output>
          </reporter-output>
        </test-method> <!-- launch -->
        <test-method signature="validateUnHappyPathLogin()[pri:0, instance:com.qa.Challange.Login.LoginTest@2a54a73f]" started-at="2020-09-14T19:15:08Z" name="validateUnHappyPathLogin" finished-at="2020-09-14T19:15:08Z" duration-ms="286" status="PASS">
          <reporter-output>
          </reporter-output>
        </test-method> <!-- validateUnHappyPathLogin -->
        <test-method is-config="true" signature="tearDwn()[pri:0, instance:com.qa.Challange.Login.LoginTest@2a54a73f]" started-at="2020-09-14T19:15:08Z" name="tearDwn" finished-at="2020-09-14T19:15:08Z" duration-ms="77" status="PASS">
          <reporter-output>
          </reporter-output>
        </test-method> <!-- tearDwn -->
      </class> <!-- com.qa.Challange.Login.LoginTest -->
      <class name="com.qa.Challange.CheckBoxes.CheckAndUnCheckBoxesTest">
        <test-method is-config="true" signature="launch()[pri:0, instance:com.qa.Challange.CheckBoxes.CheckAndUnCheckBoxesTest@6d4e5011]" started-at="2020-09-14T19:14:04Z" name="launch" finished-at="2020-09-14T19:14:06Z" duration-ms="1139" status="PASS">
          <reporter-output>
          </reporter-output>
        </test-method> <!-- launch -->
        <test-method signature="checkBox()[pri:0, instance:com.qa.Challange.CheckBoxes.CheckAndUnCheckBoxesTest@6d4e5011]" started-at="2020-09-14T19:14:06Z" name="checkBox" finished-at="2020-09-14T19:14:06Z" duration-ms="62" status="PASS">
          <reporter-output>
          </reporter-output>
        </test-method> <!-- checkBox -->
        <test-method is-config="true" signature="tearDwn()[pri:0, instance:com.qa.Challange.CheckBoxes.CheckAndUnCheckBoxesTest@6d4e5011]" started-at="2020-09-14T19:14:06Z" name="tearDwn" finished-at="2020-09-14T19:14:06Z" duration-ms="75" status="PASS">
          <reporter-output>
          </reporter-output>
        </test-method> <!-- tearDwn -->
        <test-method is-config="true" signature="launch()[pri:0, instance:com.qa.Challange.CheckBoxes.CheckAndUnCheckBoxesTest@6d4e5011]" started-at="2020-09-14T19:14:06Z" name="launch" finished-at="2020-09-14T19:14:07Z" duration-ms="1137" status="PASS">
          <reporter-output>
          </reporter-output>
        </test-method> <!-- launch -->
        <test-method signature="checkBox2()[pri:0, instance:com.qa.Challange.CheckBoxes.CheckAndUnCheckBoxesTest@6d4e5011]" started-at="2020-09-14T19:14:07Z" name="checkBox2" finished-at="2020-09-14T19:14:07Z" duration-ms="24" status="PASS">
          <reporter-output>
          </reporter-output>
        </test-method> <!-- checkBox2 -->
        <test-method is-config="true" signature="tearDwn()[pri:0, instance:com.qa.Challange.CheckBoxes.CheckAndUnCheckBoxesTest@6d4e5011]" started-at="2020-09-14T19:14:07Z" name="tearDwn" finished-at="2020-09-14T19:14:07Z" duration-ms="74" status="PASS">
          <reporter-output>
          </reporter-output>
        </test-method> <!-- tearDwn -->
      </class> <!-- com.qa.Challange.CheckBoxes.CheckAndUnCheckBoxesTest -->
      <class name="com.qa.Challange.Hovers.MouseHoversTest">
        <test-method is-config="true" signature="launch()[pri:0, instance:com.qa.Challange.Hovers.MouseHoversTest@fa49800]" started-at="2020-09-14T19:14:58Z" name="launch" finished-at="2020-09-14T19:14:59Z" duration-ms="1222" status="PASS">
          <reporter-output>
          </reporter-output>
        </test-method> <!-- launch -->
        <test-method signature="verifyUserOneProfile()[pri:0, instance:com.qa.Challange.Hovers.MouseHoversTest@fa49800]" started-at="2020-09-14T19:14:59Z" name="verifyUserOneProfile" finished-at="2020-09-14T19:15:00Z" duration-ms="230" status="PASS">
          <reporter-output>
          </reporter-output>
        </test-method> <!-- verifyUserOneProfile -->
        <test-method is-config="true" signature="tearDwn()[pri:0, instance:com.qa.Challange.Hovers.MouseHoversTest@fa49800]" started-at="2020-09-14T19:15:00Z" name="tearDwn" finished-at="2020-09-14T19:15:00Z" duration-ms="76" status="PASS">
          <reporter-output>
          </reporter-output>
        </test-method> <!-- tearDwn -->
        <test-method is-config="true" signature="launch()[pri:0, instance:com.qa.Challange.Hovers.MouseHoversTest@fa49800]" started-at="2020-09-14T19:15:00Z" name="launch" finished-at="2020-09-14T19:15:01Z" duration-ms="1158" status="PASS">
          <reporter-output>
          </reporter-output>
        </test-method> <!-- launch -->
        <test-method signature="verifyUserThreeProfile()[pri:0, instance:com.qa.Challange.Hovers.MouseHoversTest@fa49800]" started-at="2020-09-14T19:15:01Z" name="verifyUserThreeProfile" finished-at="2020-09-14T19:15:01Z" duration-ms="214" status="PASS">
          <reporter-output>
          </reporter-output>
        </test-method> <!-- verifyUserThreeProfile -->
        <test-method is-config="true" signature="tearDwn()[pri:0, instance:com.qa.Challange.Hovers.MouseHoversTest@fa49800]" started-at="2020-09-14T19:15:01Z" name="tearDwn" finished-at="2020-09-14T19:15:01Z" duration-ms="76" status="PASS">
          <reporter-output>
          </reporter-output>
        </test-method> <!-- tearDwn -->
      </class> <!-- com.qa.Challange.Hovers.MouseHoversTest -->
      <class name="com.qa.Challange.FloatingMenu.FloatingMenuTest">
        <test-method is-config="true" signature="launch()[pri:0, instance:com.qa.Challange.FloatingMenu.FloatingMenuTest@fba92d3]" started-at="2020-09-14T19:14:51Z" name="launch" finished-at="2020-09-14T19:14:52Z" duration-ms="1216" status="PASS">
          <reporter-output>
          </reporter-output>
        </test-method> <!-- launch -->
        <test-method signature="selectContact()[pri:0, instance:com.qa.Challange.FloatingMenu.FloatingMenuTest@fba92d3]" started-at="2020-09-14T19:14:52Z" name="selectContact" finished-at="2020-09-14T19:14:53Z" duration-ms="88" status="PASS">
          <reporter-output>
          </reporter-output>
        </test-method> <!-- selectContact -->
        <test-method is-config="true" signature="tearDwn()[pri:0, instance:com.qa.Challange.FloatingMenu.FloatingMenuTest@fba92d3]" started-at="2020-09-14T19:14:53Z" name="tearDwn" finished-at="2020-09-14T19:14:53Z" duration-ms="79" status="PASS">
          <reporter-output>
          </reporter-output>
        </test-method> <!-- tearDwn -->
        <test-method is-config="true" signature="launch()[pri:0, instance:com.qa.Challange.FloatingMenu.FloatingMenuTest@fba92d3]" started-at="2020-09-14T19:14:53Z" name="launch" finished-at="2020-09-14T19:14:54Z" duration-ms="1224" status="PASS">
          <reporter-output>
          </reporter-output>
        </test-method> <!-- launch -->
        <test-method signature="selectHome()[pri:0, instance:com.qa.Challange.FloatingMenu.FloatingMenuTest@fba92d3]" started-at="2020-09-14T19:14:54Z" name="selectHome" finished-at="2020-09-14T19:14:54Z" duration-ms="99" status="PASS">
          <reporter-output>
          </reporter-output>
        </test-method> <!-- selectHome -->
        <test-method is-config="true" signature="tearDwn()[pri:0, instance:com.qa.Challange.FloatingMenu.FloatingMenuTest@fba92d3]" started-at="2020-09-14T19:14:54Z" name="tearDwn" finished-at="2020-09-14T19:14:54Z" duration-ms="74" status="PASS">
          <reporter-output>
          </reporter-output>
        </test-method> <!-- tearDwn -->
        <test-method is-config="true" signature="launch()[pri:0, instance:com.qa.Challange.FloatingMenu.FloatingMenuTest@fba92d3]" started-at="2020-09-14T19:14:54Z" name="launch" finished-at="2020-09-14T19:14:55Z" duration-ms="1147" status="PASS">
          <reporter-output>
          </reporter-output>
        </test-method> <!-- launch -->
        <test-method signature="selectNews()[pri:0, instance:com.qa.Challange.FloatingMenu.FloatingMenuTest@fba92d3]" started-at="2020-09-14T19:14:55Z" name="selectNews" finished-at="2020-09-14T19:14:55Z" duration-ms="98" status="PASS">
          <reporter-output>
          </reporter-output>
        </test-method> <!-- selectNews -->
        <test-method is-config="true" signature="tearDwn()[pri:0, instance:com.qa.Challange.FloatingMenu.FloatingMenuTest@fba92d3]" started-at="2020-09-14T19:14:55Z" name="tearDwn" finished-at="2020-09-14T19:14:55Z" duration-ms="78" status="PASS">
          <reporter-output>
          </reporter-output>
        </test-method> <!-- tearDwn -->
        <test-method is-config="true" signature="launch()[pri:0, instance:com.qa.Challange.FloatingMenu.FloatingMenuTest@fba92d3]" started-at="2020-09-14T19:14:55Z" name="launch" finished-at="2020-09-14T19:14:57Z" duration-ms="1197" status="PASS">
          <reporter-output>
          </reporter-output>
        </test-method> <!-- launch -->
        <test-method signature="selectabout()[pri:0, instance:com.qa.Challange.FloatingMenu.FloatingMenuTest@fba92d3]" started-at="2020-09-14T19:14:57Z" name="selectabout" finished-at="2020-09-14T19:14:57Z" duration-ms="86" status="PASS">
          <reporter-output>
          </reporter-output>
        </test-method> <!-- selectabout -->
        <test-method is-config="true" signature="tearDwn()[pri:0, instance:com.qa.Challange.FloatingMenu.FloatingMenuTest@fba92d3]" started-at="2020-09-14T19:14:57Z" name="tearDwn" finished-at="2020-09-14T19:14:57Z" duration-ms="79" status="PASS">
          <reporter-output>
          </reporter-output>
        </test-method> <!-- tearDwn -->
      </class> <!-- com.qa.Challange.FloatingMenu.FloatingMenuTest -->
      <class name="com.qa.Challange.DynamicContent.DynamicContentTest">
        <test-method is-config="true" signature="launch()[pri:0, instance:com.qa.Challange.DynamicContent.DynamicContentTest@67c33749]" started-at="2020-09-14T19:14:26Z" name="launch" finished-at="2020-09-14T19:14:27Z" duration-ms="1119" status="PASS">
          <reporter-output>
          </reporter-output>
        </test-method> <!-- launch -->
        <test-method signature="verifyDynamicContent()[pri:0, instance:com.qa.Challange.DynamicContent.DynamicContentTest@67c33749]" started-at="2020-09-14T19:14:27Z" name="verifyDynamicContent" finished-at="2020-09-14T19:14:27Z" duration-ms="21" status="PASS">
          <reporter-output>
          </reporter-output>
        </test-method> <!-- verifyDynamicContent -->
        <test-method is-config="true" signature="tearDwn()[pri:0, instance:com.qa.Challange.DynamicContent.DynamicContentTest@67c33749]" started-at="2020-09-14T19:14:27Z" name="tearDwn" finished-at="2020-09-14T19:14:27Z" duration-ms="75" status="PASS">
          <reporter-output>
          </reporter-output>
        </test-method> <!-- tearDwn -->
        <test-method is-config="true" signature="launch()[pri:0, instance:com.qa.Challange.DynamicContent.DynamicContentTest@67c33749]" started-at="2020-09-14T19:14:27Z" name="launch" finished-at="2020-09-14T19:14:29Z" duration-ms="1153" status="PASS">
          <reporter-output>
          </reporter-output>
        </test-method> <!-- launch -->
        <test-method signature="verifyDynamicContent()[pri:0, instance:com.qa.Challange.DynamicContent.DynamicContentTest@67c33749]" started-at="2020-09-14T19:14:29Z" name="verifyDynamicContent" finished-at="2020-09-14T19:14:29Z" duration-ms="25" status="PASS">
          <reporter-output>
          </reporter-output>
        </test-method> <!-- verifyDynamicContent -->
        <test-method is-config="true" signature="tearDwn()[pri:0, instance:com.qa.Challange.DynamicContent.DynamicContentTest@67c33749]" started-at="2020-09-14T19:14:29Z" name="tearDwn" finished-at="2020-09-14T19:14:29Z" duration-ms="80" status="PASS">
          <reporter-output>
          </reporter-output>
        </test-method> <!-- tearDwn -->
        <test-method is-config="true" signature="launch()[pri:0, instance:com.qa.Challange.DynamicContent.DynamicContentTest@67c33749]" started-at="2020-09-14T19:14:29Z" name="launch" finished-at="2020-09-14T19:14:30Z" duration-ms="1208" status="PASS">
          <reporter-output>
          </reporter-output>
        </test-method> <!-- launch -->
        <test-method signature="verifyDynamicContent()[pri:0, instance:com.qa.Challange.DynamicContent.DynamicContentTest@67c33749]" started-at="2020-09-14T19:14:30Z" name="verifyDynamicContent" finished-at="2020-09-14T19:14:30Z" duration-ms="20" status="PASS">
          <reporter-output>
          </reporter-output>
        </test-method> <!-- verifyDynamicContent -->
        <test-method is-config="true" signature="tearDwn()[pri:0, instance:com.qa.Challange.DynamicContent.DynamicContentTest@67c33749]" started-at="2020-09-14T19:14:30Z" name="tearDwn" finished-at="2020-09-14T19:14:30Z" duration-ms="74" status="PASS">
          <reporter-output>
          </reporter-output>
        </test-method> <!-- tearDwn -->
        <test-method is-config="true" signature="launch()[pri:0, instance:com.qa.Challange.DynamicContent.DynamicContentTest@67c33749]" started-at="2020-09-14T19:14:30Z" name="launch" finished-at="2020-09-14T19:14:31Z" duration-ms="1110" status="PASS">
          <reporter-output>
          </reporter-output>
        </test-method> <!-- launch -->
        <test-method signature="verifyDynamicContent()[pri:0, instance:com.qa.Challange.DynamicContent.DynamicContentTest@67c33749]" started-at="2020-09-14T19:14:31Z" name="verifyDynamicContent" finished-at="2020-09-14T19:14:31Z" duration-ms="19" status="PASS">
          <reporter-output>
          </reporter-output>
        </test-method> <!-- verifyDynamicContent -->
        <test-method is-config="true" signature="tearDwn()[pri:0, instance:com.qa.Challange.DynamicContent.DynamicContentTest@67c33749]" started-at="2020-09-14T19:14:31Z" name="tearDwn" finished-at="2020-09-14T19:14:31Z" duration-ms="78" status="PASS">
          <reporter-output>
          </reporter-output>
        </test-method> <!-- tearDwn -->
        <test-method is-config="true" signature="launch()[pri:0, instance:com.qa.Challange.DynamicContent.DynamicContentTest@67c33749]" started-at="2020-09-14T19:14:31Z" name="launch" finished-at="2020-09-14T19:14:32Z" duration-ms="1165" status="PASS">
          <reporter-output>
          </reporter-output>
        </test-method> <!-- launch -->
        <test-method signature="verifyDynamicContent()[pri:0, instance:com.qa.Challange.DynamicContent.DynamicContentTest@67c33749]" started-at="2020-09-14T19:14:32Z" name="verifyDynamicContent" finished-at="2020-09-14T19:14:32Z" duration-ms="21" status="PASS">
          <reporter-output>
          </reporter-output>
        </test-method> <!-- verifyDynamicContent -->
        <test-method is-config="true" signature="tearDwn()[pri:0, instance:com.qa.Challange.DynamicContent.DynamicContentTest@67c33749]" started-at="2020-09-14T19:14:32Z" name="tearDwn" finished-at="2020-09-14T19:14:32Z" duration-ms="79" status="PASS">
          <reporter-output>
          </reporter-output>
        </test-method> <!-- tearDwn -->
        <test-method is-config="true" signature="launch()[pri:0, instance:com.qa.Challange.DynamicContent.DynamicContentTest@67c33749]" started-at="2020-09-14T19:14:32Z" name="launch" finished-at="2020-09-14T19:14:34Z" duration-ms="1190" status="PASS">
          <reporter-output>
          </reporter-output>
        </test-method> <!-- launch -->
        <test-method signature="verifyDynamicContent()[pri:0, instance:com.qa.Challange.DynamicContent.DynamicContentTest@67c33749]" started-at="2020-09-14T19:14:34Z" name="verifyDynamicContent" finished-at="2020-09-14T19:14:34Z" duration-ms="21" status="PASS">
          <reporter-output>
          </reporter-output>
        </test-method> <!-- verifyDynamicContent -->
        <test-method is-config="true" signature="tearDwn()[pri:0, instance:com.qa.Challange.DynamicContent.DynamicContentTest@67c33749]" started-at="2020-09-14T19:14:34Z" name="tearDwn" finished-at="2020-09-14T19:14:34Z" duration-ms="74" status="PASS">
          <reporter-output>
          </reporter-output>
        </test-method> <!-- tearDwn -->
        <test-method is-config="true" signature="launch()[pri:0, instance:com.qa.Challange.DynamicContent.DynamicContentTest@67c33749]" started-at="2020-09-14T19:14:34Z" name="launch" finished-at="2020-09-14T19:14:35Z" duration-ms="1149" status="PASS">
          <reporter-output>
          </reporter-output>
        </test-method> <!-- launch -->
        <test-method signature="verifyDynamicContent()[pri:0, instance:com.qa.Challange.DynamicContent.DynamicContentTest@67c33749]" started-at="2020-09-14T19:14:35Z" name="verifyDynamicContent" finished-at="2020-09-14T19:14:35Z" duration-ms="22" status="PASS">
          <reporter-output>
          </reporter-output>
        </test-method> <!-- verifyDynamicContent -->
        <test-method is-config="true" signature="tearDwn()[pri:0, instance:com.qa.Challange.DynamicContent.DynamicContentTest@67c33749]" started-at="2020-09-14T19:14:35Z" name="tearDwn" finished-at="2020-09-14T19:14:35Z" duration-ms="75" status="PASS">
          <reporter-output>
          </reporter-output>
        </test-method> <!-- tearDwn -->
        <test-method is-config="true" signature="launch()[pri:0, instance:com.qa.Challange.DynamicContent.DynamicContentTest@67c33749]" started-at="2020-09-14T19:14:35Z" name="launch" finished-at="2020-09-14T19:14:36Z" duration-ms="1207" status="PASS">
          <reporter-output>
          </reporter-output>
        </test-method> <!-- launch -->
        <test-method signature="verifyDynamicContent()[pri:0, instance:com.qa.Challange.DynamicContent.DynamicContentTest@67c33749]" started-at="2020-09-14T19:14:36Z" name="verifyDynamicContent" finished-at="2020-09-14T19:14:36Z" duration-ms="18" status="PASS">
          <reporter-output>
          </reporter-output>
        </test-method> <!-- verifyDynamicContent -->
        <test-method is-config="true" signature="tearDwn()[pri:0, instance:com.qa.Challange.DynamicContent.DynamicContentTest@67c33749]" started-at="2020-09-14T19:14:36Z" name="tearDwn" finished-at="2020-09-14T19:14:36Z" duration-ms="76" status="PASS">
          <reporter-output>
          </reporter-output>
        </test-method> <!-- tearDwn -->
        <test-method is-config="true" signature="launch()[pri:0, instance:com.qa.Challange.DynamicContent.DynamicContentTest@67c33749]" started-at="2020-09-14T19:14:36Z" name="launch" finished-at="2020-09-14T19:14:37Z" duration-ms="1135" status="PASS">
          <reporter-output>
          </reporter-output>
        </test-method> <!-- launch -->
        <test-method signature="verifyDynamicContent()[pri:0, instance:com.qa.Challange.DynamicContent.DynamicContentTest@67c33749]" started-at="2020-09-14T19:14:37Z" name="verifyDynamicContent" finished-at="2020-09-14T19:14:37Z" duration-ms="21" status="PASS">
          <reporter-output>
          </reporter-output>
        </test-method> <!-- verifyDynamicContent -->
        <test-method is-config="true" signature="tearDwn()[pri:0, instance:com.qa.Challange.DynamicContent.DynamicContentTest@67c33749]" started-at="2020-09-14T19:14:37Z" name="tearDwn" finished-at="2020-09-14T19:14:37Z" duration-ms="78" status="PASS">
          <reporter-output>
          </reporter-output>
        </test-method> <!-- tearDwn -->
        <test-method is-config="true" signature="launch()[pri:0, instance:com.qa.Challange.DynamicContent.DynamicContentTest@67c33749]" started-at="2020-09-14T19:14:37Z" name="launch" finished-at="2020-09-14T19:14:39Z" duration-ms="1142" status="PASS">
          <reporter-output>
          </reporter-output>
        </test-method> <!-- launch -->
        <test-method signature="verifyDynamicContent()[pri:0, instance:com.qa.Challange.DynamicContent.DynamicContentTest@67c33749]" started-at="2020-09-14T19:14:39Z" name="verifyDynamicContent" finished-at="2020-09-14T19:14:39Z" duration-ms="19" status="PASS">
          <reporter-output>
          </reporter-output>
        </test-method> <!-- verifyDynamicContent -->
        <test-method is-config="true" signature="tearDwn()[pri:0, instance:com.qa.Challange.DynamicContent.DynamicContentTest@67c33749]" started-at="2020-09-14T19:14:39Z" name="tearDwn" finished-at="2020-09-14T19:14:39Z" duration-ms="80" status="PASS">
          <reporter-output>
          </reporter-output>
        </test-method> <!-- tearDwn -->
        <test-method is-config="true" signature="launch()[pri:0, instance:com.qa.Challange.DynamicContent.DynamicContentTest@67c33749]" started-at="2020-09-14T19:14:39Z" name="launch" finished-at="2020-09-14T19:14:40Z" duration-ms="1146" status="PASS">
          <reporter-output>
          </reporter-output>
        </test-method> <!-- launch -->
        <test-method signature="verifyDynamicContent()[pri:0, instance:com.qa.Challange.DynamicContent.DynamicContentTest@67c33749]" started-at="2020-09-14T19:14:40Z" name="verifyDynamicContent" finished-at="2020-09-14T19:14:40Z" duration-ms="20" status="PASS">
          <reporter-output>
          </reporter-output>
        </test-method> <!-- verifyDynamicContent -->
        <test-method is-config="true" signature="tearDwn()[pri:0, instance:com.qa.Challange.DynamicContent.DynamicContentTest@67c33749]" started-at="2020-09-14T19:14:40Z" name="tearDwn" finished-at="2020-09-14T19:14:40Z" duration-ms="78" status="PASS">
          <reporter-output>
          </reporter-output>
        </test-method> <!-- tearDwn -->
        <test-method is-config="true" signature="launch()[pri:0, instance:com.qa.Challange.DynamicContent.DynamicContentTest@67c33749]" started-at="2020-09-14T19:14:40Z" name="launch" finished-at="2020-09-14T19:14:41Z" duration-ms="1147" status="PASS">
          <reporter-output>
          </reporter-output>
        </test-method> <!-- launch -->
        <test-method signature="verifyDynamicContent()[pri:0, instance:com.qa.Challange.DynamicContent.DynamicContentTest@67c33749]" started-at="2020-09-14T19:14:41Z" name="verifyDynamicContent" finished-at="2020-09-14T19:14:41Z" duration-ms="20" status="PASS">
          <reporter-output>
          </reporter-output>
        </test-method> <!-- verifyDynamicContent -->
        <test-method is-config="true" signature="tearDwn()[pri:0, instance:com.qa.Challange.DynamicContent.DynamicContentTest@67c33749]" started-at="2020-09-14T19:14:41Z" name="tearDwn" finished-at="2020-09-14T19:14:41Z" duration-ms="74" status="PASS">
          <reporter-output>
          </reporter-output>
        </test-method> <!-- tearDwn -->
        <test-method is-config="true" signature="launch()[pri:0, instance:com.qa.Challange.DynamicContent.DynamicContentTest@67c33749]" started-at="2020-09-14T19:14:41Z" name="launch" finished-at="2020-09-14T19:14:42Z" duration-ms="1129" status="PASS">
          <reporter-output>
          </reporter-output>
        </test-method> <!-- launch -->
        <test-method signature="verifyDynamicContent()[pri:0, instance:com.qa.Challange.DynamicContent.DynamicContentTest@67c33749]" started-at="2020-09-14T19:14:42Z" name="verifyDynamicContent" finished-at="2020-09-14T19:14:42Z" duration-ms="19" status="PASS">
          <reporter-output>
          </reporter-output>
        </test-method> <!-- verifyDynamicContent -->
        <test-method is-config="true" signature="tearDwn()[pri:0, instance:com.qa.Challange.DynamicContent.DynamicContentTest@67c33749]" started-at="2020-09-14T19:14:42Z" name="tearDwn" finished-at="2020-09-14T19:14:42Z" duration-ms="74" status="PASS">
          <reporter-output>
          </reporter-output>
        </test-method> <!-- tearDwn -->
        <test-method is-config="true" signature="launch()[pri:0, instance:com.qa.Challange.DynamicContent.DynamicContentTest@67c33749]" started-at="2020-09-14T19:14:42Z" name="launch" finished-at="2020-09-14T19:14:44Z" duration-ms="1149" status="PASS">
          <reporter-output>
          </reporter-output>
        </test-method> <!-- launch -->
        <test-method signature="verifyDynamicContent()[pri:0, instance:com.qa.Challange.DynamicContent.DynamicContentTest@67c33749]" started-at="2020-09-14T19:14:44Z" name="verifyDynamicContent" finished-at="2020-09-14T19:14:44Z" duration-ms="19" status="PASS">
          <reporter-output>
          </reporter-output>
        </test-method> <!-- verifyDynamicContent -->
        <test-method is-config="true" signature="tearDwn()[pri:0, instance:com.qa.Challange.DynamicContent.DynamicContentTest@67c33749]" started-at="2020-09-14T19:14:44Z" name="tearDwn" finished-at="2020-09-14T19:14:44Z" duration-ms="79" status="PASS">
          <reporter-output>
          </reporter-output>
        </test-method> <!-- tearDwn -->
        <test-method is-config="true" signature="launch()[pri:0, instance:com.qa.Challange.DynamicContent.DynamicContentTest@67c33749]" started-at="2020-09-14T19:14:44Z" name="launch" finished-at="2020-09-14T19:14:45Z" duration-ms="1141" status="PASS">
          <reporter-output>
          </reporter-output>
        </test-method> <!-- launch -->
        <test-method signature="verifyDynamicContent()[pri:0, instance:com.qa.Challange.DynamicContent.DynamicContentTest@67c33749]" started-at="2020-09-14T19:14:45Z" name="verifyDynamicContent" finished-at="2020-09-14T19:14:45Z" duration-ms="19" status="PASS">
          <reporter-output>
          </reporter-output>
        </test-method> <!-- verifyDynamicContent -->
        <test-method is-config="true" signature="tearDwn()[pri:0, instance:com.qa.Challange.DynamicContent.DynamicContentTest@67c33749]" started-at="2020-09-14T19:14:45Z" name="tearDwn" finished-at="2020-09-14T19:14:45Z" duration-ms="75" status="PASS">
          <reporter-output>
          </reporter-output>
        </test-method> <!-- tearDwn -->
        <test-method is-config="true" signature="launch()[pri:0, instance:com.qa.Challange.DynamicContent.DynamicContentTest@67c33749]" started-at="2020-09-14T19:14:45Z" name="launch" finished-at="2020-09-14T19:14:46Z" duration-ms="1166" status="PASS">
          <reporter-output>
          </reporter-output>
        </test-method> <!-- launch -->
        <test-method signature="verifyDynamicContent()[pri:0, instance:com.qa.Challange.DynamicContent.DynamicContentTest@67c33749]" started-at="2020-09-14T19:14:46Z" name="verifyDynamicContent" finished-at="2020-09-14T19:14:46Z" duration-ms="20" status="PASS">
          <reporter-output>
          </reporter-output>
        </test-method> <!-- verifyDynamicContent -->
        <test-method is-config="true" signature="tearDwn()[pri:0, instance:com.qa.Challange.DynamicContent.DynamicContentTest@67c33749]" started-at="2020-09-14T19:14:46Z" name="tearDwn" finished-at="2020-09-14T19:14:46Z" duration-ms="78" status="PASS">
          <reporter-output>
          </reporter-output>
        </test-method> <!-- tearDwn -->
        <test-method is-config="true" signature="launch()[pri:0, instance:com.qa.Challange.DynamicContent.DynamicContentTest@67c33749]" started-at="2020-09-14T19:14:46Z" name="launch" finished-at="2020-09-14T19:14:47Z" duration-ms="1149" status="PASS">
          <reporter-output>
          </reporter-output>
        </test-method> <!-- launch -->
        <test-method signature="verifyDynamicContent()[pri:0, instance:com.qa.Challange.DynamicContent.DynamicContentTest@67c33749]" started-at="2020-09-14T19:14:47Z" name="verifyDynamicContent" finished-at="2020-09-14T19:14:47Z" duration-ms="25" status="PASS">
          <reporter-output>
          </reporter-output>
        </test-method> <!-- verifyDynamicContent -->
        <test-method is-config="true" signature="tearDwn()[pri:0, instance:com.qa.Challange.DynamicContent.DynamicContentTest@67c33749]" started-at="2020-09-14T19:14:47Z" name="tearDwn" finished-at="2020-09-14T19:14:47Z" duration-ms="80" status="PASS">
          <reporter-output>
          </reporter-output>
        </test-method> <!-- tearDwn -->
        <test-method is-config="true" signature="launch()[pri:0, instance:com.qa.Challange.DynamicContent.DynamicContentTest@67c33749]" started-at="2020-09-14T19:14:47Z" name="launch" finished-at="2020-09-14T19:14:49Z" duration-ms="1229" status="PASS">
          <reporter-output>
          </reporter-output>
        </test-method> <!-- launch -->
        <test-method signature="verifyDynamicContent()[pri:0, instance:com.qa.Challange.DynamicContent.DynamicContentTest@67c33749]" started-at="2020-09-14T19:14:49Z" name="verifyDynamicContent" finished-at="2020-09-14T19:14:49Z" duration-ms="20" status="PASS">
          <reporter-output>
          </reporter-output>
        </test-method> <!-- verifyDynamicContent -->
        <test-method is-config="true" signature="tearDwn()[pri:0, instance:com.qa.Challange.DynamicContent.DynamicContentTest@67c33749]" started-at="2020-09-14T19:14:49Z" name="tearDwn" finished-at="2020-09-14T19:14:49Z" duration-ms="75" status="PASS">
          <reporter-output>
          </reporter-output>
        </test-method> <!-- tearDwn -->
        <test-method is-config="true" signature="launch()[pri:0, instance:com.qa.Challange.DynamicContent.DynamicContentTest@67c33749]" started-at="2020-09-14T19:14:49Z" name="launch" finished-at="2020-09-14T19:14:50Z" duration-ms="1158" status="PASS">
          <reporter-output>
          </reporter-output>
        </test-method> <!-- launch -->
        <test-method signature="verifyDynamicContent()[pri:0, instance:com.qa.Challange.DynamicContent.DynamicContentTest@67c33749]" started-at="2020-09-14T19:14:50Z" name="verifyDynamicContent" finished-at="2020-09-14T19:14:50Z" duration-ms="17" status="PASS">
          <reporter-output>
          </reporter-output>
        </test-method> <!-- verifyDynamicContent -->
        <test-method is-config="true" signature="tearDwn()[pri:0, instance:com.qa.Challange.DynamicContent.DynamicContentTest@67c33749]" started-at="2020-09-14T19:14:50Z" name="tearDwn" finished-at="2020-09-14T19:14:50Z" duration-ms="75" status="PASS">
          <reporter-output>
          </reporter-output>
        </test-method> <!-- tearDwn -->
        <test-method is-config="true" signature="launch()[pri:0, instance:com.qa.Challange.DynamicContent.DynamicContentTest@67c33749]" started-at="2020-09-14T19:14:50Z" name="launch" finished-at="2020-09-14T19:14:51Z" duration-ms="1139" status="PASS">
          <reporter-output>
          </reporter-output>
        </test-method> <!-- launch -->
        <test-method signature="verifyDynamicContent()[pri:0, instance:com.qa.Challange.DynamicContent.DynamicContentTest@67c33749]" started-at="2020-09-14T19:14:51Z" name="verifyDynamicContent" finished-at="2020-09-14T19:14:51Z" duration-ms="19" status="PASS">
          <reporter-output>
          </reporter-output>
        </test-method> <!-- verifyDynamicContent -->
        <test-method is-config="true" signature="tearDwn()[pri:0, instance:com.qa.Challange.DynamicContent.DynamicContentTest@67c33749]" started-at="2020-09-14T19:14:51Z" name="tearDwn" finished-at="2020-09-14T19:14:51Z" duration-ms="74" status="PASS">
          <reporter-output>
          </reporter-output>
        </test-method> <!-- tearDwn -->
      </class> <!-- com.qa.Challange.DynamicContent.DynamicContentTest -->
      <class name="com.qa.Challange.MessageRendered.MessageRenderedTest">
        <test-method is-config="true" signature="launch()[pri:0, instance:com.qa.Challange.MessageRendered.MessageRenderedTest@662b4c69]" started-at="2020-09-14T19:14:57Z" name="launch" finished-at="2020-09-14T19:14:58Z" duration-ms="1136" status="PASS">
          <reporter-output>
          </reporter-output>
        </test-method> <!-- launch -->
        <test-method signature="verifyRenderedMessages()[pri:0, instance:com.qa.Challange.MessageRendered.MessageRenderedTest@662b4c69]" started-at="2020-09-14T19:14:58Z" name="verifyRenderedMessages" finished-at="2020-09-14T19:14:58Z" duration-ms="174" status="PASS">
          <reporter-output>
          </reporter-output>
        </test-method> <!-- verifyRenderedMessages -->
        <test-method is-config="true" signature="tearDwn()[pri:0, instance:com.qa.Challange.MessageRendered.MessageRenderedTest@662b4c69]" started-at="2020-09-14T19:14:58Z" name="tearDwn" finished-at="2020-09-14T19:14:58Z" duration-ms="80" status="PASS">
          <reporter-output>
          </reporter-output>
        </test-method> <!-- tearDwn -->
      </class> <!-- com.qa.Challange.MessageRendered.MessageRenderedTest -->
    </test> <!-- Test -->
  </suite> <!-- Suite -->
</testng-results>
