<?xml version="1.0" encoding="UTF-8"?>
<testsuite xmlns:xsi="http://www.w3.org/2001/XMLSchema-instance" xsi:noNamespaceSchemaLocation="https://maven.apache.org/surefire/maven-surefire-plugin/xsd/surefire-test-report-3.0.xsd" version="3.0" name="TestSuite" time="81.819" tests="45" errors="0" skipped="0" failures="0">
  <properties>
[...]
</properties>
  <testcase name="validateDragAndDrop" classname="com.qa.Challange.DragAndDrop.DragAndDropTest" time="0.26"/>
  <testcase name="checkBox" classname="com.qa.Challange.CheckBoxes.CheckAndUnCheckBoxesTest" time="0.061"/>
  <testcase name="checkBox2" classname="com.qa.Challange.CheckBoxes.CheckAndUnCheckBoxesTest" time="0.024"/>
  <testcase name="verifyDynamicControlsEnable_Disable" classname="com.qa.Challange.DynamicControls.DynamicControlsTest" time="6.367"/>
  <testcase name="verifyDynamicControlsRemove_Add" classname="com.qa.Challange.DynamicControls.DynamicControlsTest" time="6.314"/>
  <testcase name="verifyNewWindow" classname="com.qa.Challang.NewWindow.NewWindowTest" time="0.128"/>
  <testcase name="verifyIFrame" classname="com.qa.Challange.IFrame.IFrameTest" time="0.204"/>
  <testcase name="verifyDynamicContent" classname="com.qa.Challange.DynamicContent.DynamicContentTest" time="0.021"/>
  <testcase name="verifyDynamicContent" classname="com.qa.Challange.DynamicContent.DynamicContentTest" time="0.025"/>
  <testcase name="verifyDynamicContent" classname="com.qa.Challange.DynamicContent.DynamicContentTest" time="0.021"/>
  <testcase name="verifyDynamicContent" classname="com.qa.Challange.DynamicContent.DynamicContentTest" time="0.019"/>
  <testcase name="verifyDynamicContent" classname="com.qa.Challange.DynamicContent.DynamicContentTest" time="0.022"/>
  <testcase name="verifyDynamicContent" classname="com.qa.Challange.DynamicContent.DynamicContentTest" time="0.02"/>
  <testcase name="verifyDynamicContent" classname="com.qa.Challange.DynamicContent.DynamicContentTest" time="0.022"/>
  <testcase name="verifyDynamicContent" classname="com.qa.Challange.DynamicContent.DynamicContentTest" time="0.019"/>
  <testcase name="verifyDynamicContent" classname="com.qa.Challange.DynamicContent.DynamicContentTest" time="0.02"/>
  <testcase name="verifyDynamicContent" classname="com.qa.Challange.DynamicContent.DynamicContentTest" time="0.019"/>
  <testcase name="verifyDynamicContent" classname="com.qa.Challange.DynamicContent.DynamicContentTest" time="0.019"/>
  <testcase name="verifyDynamicContent" classname="com.qa.Challange.DynamicContent.DynamicContentTest" time="0.02"/>
  <testcase name="verifyDynamicContent" classname="com.qa.Challange.DynamicContent.DynamicContentTest" time="0.02"/>
  <testcase name="verifyDynamicContent" classname="com.qa.Challange.DynamicContent.DynamicContentTest" time="0.019"/>
  <testcase name="verifyDynamicContent" classname="com.qa.Challange.DynamicContent.DynamicContentTest" time="0.018"/>
  <testcase name="verifyDynamicContent" classname="com.qa.Challange.DynamicContent.DynamicContentTest" time="0.02"/>
  <testcase name="verifyDynamicContent" classname="com.qa.Challange.DynamicContent.DynamicContentTest" time="0.025"/>
  <testcase name="verifyDynamicContent" classname="com.qa.Challange.DynamicContent.DynamicContentTest" time="0.02"/>
  <testcase name="verifyDynamicContent" classname="com.qa.Challange.DynamicContent.DynamicContentTest" time="0.018"/>
  <testcase name="verifyDynamicContent" classname="com.qa.Challange.DynamicContent.DynamicContentTest" time="0.019"/>
  <testcase name="selectContact" classname="com.qa.Challange.FloatingMenu.FloatingMenuTest" time="0.087"/>
  <testcase name="selectHome" classname="com.qa.Challange.FloatingMenu.FloatingMenuTest" time="0.099"/>
  <testcase name="selectNews" classname="com.qa.Challange.FloatingMenu.FloatingMenuTest" time="0.098"/>
  <testcase name="selectabout" classname="com.qa.Challange.FloatingMenu.FloatingMenuTest" time="0.086"/>
  <testcase name="verifyRenderedMessages" classname="com.qa.Challange.MessageRendered.MessageRenderedTest" time="0.175"/>
  <testcase name="verifyUserOneProfile" classname="com.qa.Challange.Hovers.MouseHoversTest" time="0.23"/>
  <testcase name="verifyUserThreeProfile" classname="com.qa.Challange.Hovers.MouseHoversTest" time="0.214"/>
  <testcase name="validateJspromptField" classname="com.qa.Challange.JSalerts.JavaScriptAlertsTest" time="0.108"/>
  <testcase name="verifyConformationOfJsAlert" classname="com.qa.Challange.JSalerts.JavaScriptAlertsTest" time="0.088"/>
  <testcase name="verifyJsAlertDismiss" classname="com.qa.Challange.JSalerts.JavaScriptAlertsTest" time="0.116"/>
  <testcase name="validateHappyPathLogin" classname="com.qa.Challange.Login.LoginTest" time="0.282"/>
  <testcase name="validateUnHappyPathLogin" classname="com.qa.Challange.Login.LoginTest" time="0.286"/>
  <testcase name="handleDropDwnOption1" classname="com.qa.Challange.DropDown.DropDownTest" time="0.653"/>
  <testcase name="handleDropDwnOption2" classname="com.qa.Challange.DropDown.DropDownTest" time="0.629"/>
  <testcase name="verifyJsError" classname="com.qa.Challange.JSerror.JavaScriptErrorTest" time="0.005"/>
  <testcase name="verifyDynamicallyLoadedElement" classname="com.qa.Challange.DynamicLoading.DynamicLoadingTest" time="5.186"/>
  <testcase name="verifyFileUpload" classname="com.qa.Challange.FileUpLoader.FileUpLoaderTest" time="0.038"/>
  <testcase name="validateContextMenu" classname="com.qa.Challange.Context_Menu.ContextMenuTest" time="0.167"/>
</testsuite>