<?xml version="1.0" encoding="UTF-8"?>
<testng-results skipped="0" failed="0" ignored="0" total="1" passed="1">
  <reporter-output>
  </reporter-output>
  <suite name="Default suite" duration-ms="2601" started-at="2020-09-15T12:42:50Z" finished-at="2020-09-15T12:42:52Z">
    <groups>
    </groups>
    <test name="Default test" duration-ms="2601" started-at="2020-09-15T12:42:50Z" finished-at="2020-09-15T12:42:52Z">
      <class name="com.qa.Challange.FileUpLoader.FileUpLoaderTest">
        <test-method status="PASS" signature="launch()[pri:0, instance:com.qa.Challange.FileUpLoader.FileUpLoaderTest@59f99ea]" name="launch" is-config="true" duration-ms="2210" started-at="2020-09-15T12:42:50Z" finished-at="2020-09-15T12:42:52Z">
          <reporter-output>
          </reporter-output>
        </test-method> <!-- launch -->
        <test-method status="PASS" signature="verifyFileUpload()[pri:0, instance:com.qa.Challange.FileUpLoader.FileUpLoaderTest@59f99ea]" name="verifyFileUpload" duration-ms="292" started-at="2020-09-15T12:42:52Z" finished-at="2020-09-15T12:42:52Z">
          <reporter-output>
          </reporter-output>
        </test-method> <!-- verifyFileUpload -->
        <test-method status="PASS" signature="tearDwn()[pri:0, instance:com.qa.Challange.FileUpLoader.FileUpLoaderTest@59f99ea]" name="tearDwn" is-config="true" duration-ms="81" started-at="2020-09-15T12:42:52Z" finished-at="2020-09-15T12:42:52Z">
          <reporter-output>
          </reporter-output>
        </test-method> <!-- tearDwn -->
      </class> <!-- com.qa.Challange.FileUpLoader.FileUpLoaderTest -->
    </test> <!-- Default test -->
  </suite> <!-- Default suite -->
</testng-results>
